TN:
SF:src/index.ts
FNF:0
FNH:0
DA:1,1
LF:1
LH:1
BRF:0
BRH:0
end_of_record
TN:
SF:src/nip07.ts
FN:18,getWindowNostr
FN:29,getPublicKey
FN:33,signEvent
FN:37,nip04Encrypt
FN:43,nip04Decrypt
FN:49,nip44Encrypt
FN:55,nip44Decrypt
FNF:7
FNH:7
FNDA:17,getWindowNostr
FNDA:8,getPublicKey
FNDA:1,signEvent
FNDA:2,nip04Encrypt
FNDA:2,nip04Decrypt
FNDA:2,nip44Encrypt
FNDA:2,nip44Decrypt
DA:18,1
DA:19,17
DA:20,17
DA:21,1
DA:22,1
DA:23,1
DA:24,1
DA:25,16
DA:26,16
DA:28,1
DA:29,1
DA:30,8
DA:31,8
DA:33,1
DA:34,1
DA:35,1
DA:37,1
DA:38,2
DA:39,2
DA:40,1
DA:41,2
DA:43,1
DA:44,2
DA:45,2
DA:46,1
DA:47,2
DA:49,1
DA:50,2
DA:51,2
DA:52,1
DA:53,2
DA:55,1
DA:56,2
DA:57,2
DA:58,1
DA:59,2
DA:60,1
LF:37
LH:37
BRDA:18,0,0,17
BRDA:20,1,0,1
BRDA:24,2,0,16
BRDA:29,3,0,8
BRDA:33,4,0,1
BRDA:37,5,0,2
BRDA:39,6,0,1
BRDA:43,7,0,2
BRDA:45,8,0,1
BRDA:49,9,0,2
BRDA:51,10,0,1
BRDA:55,11,0,2
BRDA:57,12,0,1
BRF:13
BRH:13
end_of_record
TN:
SF:src/nip46.ts
FN:19,<instance_members_initializer>
FN:22,BunkerSigner
FN:26,getPublicKey
FN:29,signEvent
FN:32,nip04Encrypt
FN:35,nip04Decrypt
FN:38,nip44Encrypt
FN:41,nip44Decrypt
FN:44,close
FN:60,fetchBunkerRelays
FN:76,relayListsMatch
FN:84,resolveRelayChoice
FN:107,connectWithBunkerUri
FN:169,initiateNostrConnect
FN:213,bytesToHex
FN:219,hexToBytes
FNF:16
FNH:16
FNDA:17,<instance_members_initializer>
FNDA:17,BunkerSigner
FNDA:1,getPublicKey
FNDA:2,signEvent
FNDA:1,nip04Encrypt
FNDA:1,nip04Decrypt
FNDA:1,nip44Encrypt
FNDA:1,nip44Decrypt
FNDA:1,close
FNDA:8,fetchBunkerRelays
FNDA:6,relayListsMatch
FNDA:17,resolveRelayChoice
FNDA:17,connectWithBunkerUri
FNDA:4,initiateNostrConnect
FNDA:18,bytesToHex
FNDA:3,hexToBytes
DA:1,1
DA:19,1
DA:20,17
DA:22,17
DA:23,17
DA:24,17
DA:26,17
DA:27,1
DA:28,1
DA:29,17
DA:30,2
DA:31,2
DA:32,17
DA:33,1
DA:34,1
DA:35,17
DA:36,1
DA:37,1
DA:38,17
DA:39,1
DA:40,1
DA:41,17
DA:42,1
DA:43,1
DA:44,17
DA:45,1
DA:46,1
DA:47,17
DA:60,8
DA:61,8
DA:62,8
DA:63,7
DA:64,8
DA:65,1
DA:66,1
DA:67,8
DA:68,5
DA:69,5
DA:70,1
DA:71,1
DA:72,1
DA:73,1
DA:74,8
DA:76,6
DA:77,6
DA:78,5
DA:79,5
DA:80,5
DA:81,1
DA:82,1
DA:84,17
DA:85,17
DA:86,17
DA:87,17
DA:88,17
DA:89,17
DA:90,8
DA:91,17
DA:92,5
DA:93,17
DA:94,17
DA:107,17
DA:108,17
DA:109,17
DA:110,17
DA:111,17
DA:112,17
DA:113,1
DA:114,1
DA:115,17
DA:116,1
DA:117,1
DA:118,17
DA:119,17
DA:120,17
DA:121,17
DA:122,17
DA:123,17
DA:124,15
DA:125,15
DA:126,15
DA:127,15
DA:128,15
DA:129,15
DA:130,15
DA:131,15
DA:132,15
DA:133,15
DA:134,15
DA:135,15
DA:136,15
DA:169,1
DA:170,4
DA:171,1
DA:172,1
DA:173,3
DA:174,4
DA:175,4
DA:176,4
DA:177,4
DA:178,4
DA:179,4
DA:180,4
DA:181,4
DA:182,4
DA:183,4
DA:184,4
DA:185,4
DA:186,4
DA:189,4
DA:190,4
DA:191,4
DA:192,4
DA:193,4
DA:194,4
DA:195,2
DA:196,2
DA:197,2
DA:198,2
DA:199,2
DA:200,2
DA:201,2
DA:202,2
DA:203,2
DA:204,2
DA:205,2
DA:206,2
DA:207,4
DA:208,4
DA:209,4
DA:211,1
DA:213,1
DA:214,18
DA:215,18
DA:216,18
DA:217,18
DA:219,1
DA:220,3
DA:221,2
DA:222,3
DA:223,36
DA:224,36
DA:225,2
DA:226,2
LF:144
LH:144
BRDA:19,0,0,17
BRDA:22,1,0,17
BRDA:26,2,0,1
BRDA:29,3,0,2
BRDA:32,4,0,1
BRDA:35,5,0,1
BRDA:38,6,0,1
BRDA:41,7,0,1
BRDA:44,8,0,1
BRDA:60,9,0,8
BRDA:62,10,0,7
BRDA:64,11,0,1
BRDA:66,12,0,6
BRDA:67,13,0,5
BRDA:67,14,0,5
BRDA:69,15,0,1
BRDA:65,16,0,1
BRDA:76,17,0,6
BRDA:77,18,0,1
BRDA:77,19,0,5
BRDA:80,20,0,4
BRDA:80,21,0,1
BRDA:84,22,0,17
BRDA:89,23,0,9
BRDA:89,24,0,8
BRDA:91,25,0,6
BRDA:91,26,0,3
BRDA:91,27,0,5
BRDA:93,28,0,3
BRDA:93,29,0,2
BRDA:107,30,0,17
BRDA:112,31,0,1
BRDA:114,32,0,16
BRDA:115,33,0,1
BRDA:117,34,0,15
BRDA:118,35,0,14
BRDA:123,36,0,15
BRDA:169,37,0,4
BRDA:170,38,0,1
BRDA:172,39,0,3
BRDA:175,40,0,3
BRDA:181,41,0,1
BRDA:182,42,0,1
BRDA:183,43,0,1
BRDA:186,44,0,3
BRDA:186,45,0,2
BRDA:194,46,0,2
BRDA:213,47,0,18
BRDA:215,48,0,548
BRDA:219,49,0,3
BRDA:220,50,0,1
BRDA:220,51,0,2
BRDA:222,52,0,36
BRDA:224,53,0,2
BRF:54
BRH:54
end_of_record
TN:
SF:src/nip49.ts
FN:4,encryptSecretKey
FN:8,decryptNcryptsec
FN:19,generateAccount
FNF:3
FNH:3
FNDA:2,encryptSecretKey
FNDA:6,decryptNcryptsec
FNDA:21,generateAccount
DA:1,1
DA:4,1
DA:5,2
DA:6,2
DA:8,1
DA:9,6
DA:10,6
DA:19,1
DA:20,21
DA:21,21
DA:22,21
DA:23,21
DA:24,21
DA:25,21
LF:14
LH:14
BRDA:4,0,0,2
BRDA:8,1,0,6
BRDA:19,2,0,21
BRF:3
BRH:3
end_of_record
TN:
SF:src/nip55.ts
FN:46,<instance_members_initializer>
FN:51,AndroidSigner
FN:57,getPublicKey
FN:61,signEvent
FN:72,nip04Encrypt
FN:81,nip04Decrypt
FN:90,nip44Encrypt
FN:99,nip44Decrypt
FN:116,loginWithAndroidSigner
FNF:9
FNH:9
FNDA:12,<instance_members_initializer>
FNDA:12,AndroidSigner
FNDA:1,getPublicKey
FNDA:1,signEvent
FNDA:1,nip04Encrypt
FNDA:1,nip04Decrypt
FNDA:1,nip44Encrypt
FNDA:1,nip44Decrypt
FNDA:13,loginWithAndroidSigner
DA:1,1
DA:46,1
DA:47,12
DA:48,12
DA:49,12
DA:51,12
DA:52,12
DA:53,12
DA:54,12
DA:55,12
DA:57,12
DA:58,1
DA:59,1
DA:61,12
DA:62,1
DA:63,1
DA:64,1
DA:65,1
DA:66,1
DA:67,1
DA:68,1
DA:69,1
DA:70,1
DA:72,12
DA:73,1
DA:74,1
DA:75,1
DA:76,1
DA:77,1
DA:78,1
DA:79,1
DA:81,12
DA:82,1
DA:83,1
DA:84,1
DA:85,1
DA:86,1
DA:87,1
DA:88,1
DA:90,12
DA:91,1
DA:92,1
DA:93,1
DA:94,1
DA:95,1
DA:96,1
DA:97,1
DA:99,12
DA:100,1
DA:101,1
DA:102,1
DA:103,1
DA:104,1
DA:105,1
DA:106,1
DA:107,12
DA:116,13
DA:117,13
DA:118,13
DA:119,13
DA:120,13
DA:121,3
DA:122,3
DA:123,13
DA:124,13
DA:125,13
DA:126,1
DA:127,1
DA:128,12
DA:129,12
DA:130,12
DA:131,12
DA:132,13
DA:133,13
DA:134,13
LF:75
LH:75
BRDA:46,0,0,12
BRDA:51,1,0,12
BRDA:57,2,0,1
BRDA:61,3,0,1
BRDA:72,4,0,1
BRDA:81,5,0,1
BRDA:90,6,0,1
BRDA:99,7,0,1
BRDA:116,8,0,13
BRDA:120,9,0,3
BRDA:125,10,0,1
BRDA:127,11,0,12
BRDA:132,12,0,2
BRDA:132,13,0,2
BRF:14
BRH:14
end_of_record
TN:
SF:src/core/localSigner.ts
FN:15,<instance_members_initializer>
FN:18,LocalSigner
FN:22,getPublicKey
FN:26,signEvent
FN:30,nip04Encrypt
FN:34,nip04Decrypt
FN:38,nip44Encrypt
FN:43,nip44Decrypt
FNF:8
FNH:8
FNDA:63,<instance_members_initializer>
FNDA:63,LocalSigner
FNDA:12,getPublicKey
FNDA:6,signEvent
FNDA:7,nip04Encrypt
FNDA:7,nip04Decrypt
FNDA:7,nip44Encrypt
FNDA:7,nip44Decrypt
DA:1,1
DA:15,1
DA:16,63
DA:18,63
DA:19,63
DA:20,63
DA:22,63
DA:23,12
DA:24,12
DA:26,63
DA:27,6
DA:28,6
DA:30,63
DA:31,7
DA:32,7
DA:34,63
DA:35,7
DA:36,7
DA:38,63
DA:39,7
DA:40,7
DA:41,7
DA:43,63
DA:44,7
DA:45,7
DA:46,7
DA:47,63
LF:27
LH:27
BRDA:15,0,0,63
BRDA:18,1,0,63
BRDA:22,2,0,12
BRDA:26,3,0,6
BRDA:30,4,0,7
BRDA:34,5,0,7
BRDA:38,6,0,7
BRDA:43,7,0,7
BRF:8
BRH:8
end_of_record
TN:
SF:src/core/signer.ts
FN:24,<instance_members_initializer>
FN:32,Signer
FN:38,#hydrate
FN:52,#persistAccounts
FN:56,#persistActive
FN:61,#upsertAccount
FN:68,#setActive
FN:76,#emit
FN:86,createAccount
FN:95,loginWithNcryptsec
FN:107,loginWithExtension
FN:117,loginWithBunkerUri
FN:139,loginWithNostrConnect
FN:172,loginWithAndroidSigner
FN:191,listAccounts
FN:195,getActiveAccount
FN:200,getActiveSigner
FN:204,switchAccount
FN:213,logout
FN:226,onChange
FN:234,createSigner
FNF:21
FNH:21
FNDA:65,<instance_members_initializer>
FNDA:65,Signer
FNDA:65,#hydrate
FNDA:55,#persistAccounts
FNDA:55,#persistActive
FNDA:53,#upsertAccount
FNDA:53,#setActive
FNDA:56,#emit
FNDA:19,createAccount
FNDA:4,loginWithNcryptsec
FNDA:8,loginWithExtension
FNDA:17,loginWithBunkerUri
FNDA:4,loginWithNostrConnect
FNDA:11,loginWithAndroidSigner
FNDA:11,listAccounts
FNDA:17,getActiveAccount
FNDA:25,getActiveSigner
FNDA:2,switchAccount
FNDA:3,logout
FNDA:6,onChange
FNDA:65,createSigner
DA:1,1
DA:21,1
DA:22,1
DA:24,1
DA:25,65
DA:26,65
DA:27,65
DA:28,65
DA:29,65
DA:30,65
DA:32,65
DA:33,65
DA:34,65
DA:35,65
DA:36,65
DA:38,65
DA:39,65
DA:40,65
DA:41,65
DA:42,9
DA:43,9
DA:44,9
DA:45,64
DA:46,65
DA:47,1
DA:48,1
DA:49,1
DA:50,65
DA:52,65
DA:53,55
DA:54,55
DA:56,65
DA:57,55
DA:58,1
DA:59,55
DA:61,65
DA:62,53
DA:63,53
DA:64,49
DA:65,53
DA:66,53
DA:68,65
DA:69,53
DA:70,53
DA:71,53
DA:72,53
DA:73,53
DA:74,53
DA:76,65
DA:77,56
DA:78,7
DA:79,7
DA:80,7
DA:82,1
DA:83,7
DA:84,56
DA:86,65
DA:87,19
DA:88,18
DA:89,18
DA:90,18
DA:91,18
DA:92,18
DA:93,19
DA:95,65
DA:96,4
DA:97,4
DA:98,2
DA:99,2
DA:100,2
DA:101,2
DA:102,2
DA:103,2
DA:104,2
DA:105,4
DA:107,65
DA:108,8
DA:109,8
DA:110,7
DA:111,7
DA:112,7
DA:113,7
DA:114,7
DA:115,8
DA:117,65
DA:118,17
DA:119,17
DA:120,17
DA:121,17
DA:122,15
DA:123,15
DA:124,15
DA:125,15
DA:126,15
DA:127,15
DA:128,15
DA:129,15
DA:130,15
DA:131,15
DA:132,15
DA:133,15
DA:134,15
DA:135,15
DA:136,15
DA:137,17
DA:139,65
DA:140,4
DA:141,1
DA:142,1
DA:143,3
DA:144,3
DA:145,3
DA:146,3
DA:147,3
DA:148,3
DA:149,3
DA:150,3
DA:151,3
DA:152,3
DA:153,3
DA:154,3
DA:155,2
DA:156,2
DA:157,2
DA:158,2
DA:159,2
DA:160,2
DA:161,2
DA:162,2
DA:163,2
DA:164,2
DA:165,2
DA:166,2
DA:167,2
DA:168,2
DA:169,2
DA:170,4
DA:172,65
DA:173,11
DA:174,11
DA:175,1
DA:176,1
DA:177,1
DA:178,1
DA:179,10
DA:180,10
DA:181,10
DA:182,10
DA:183,10
DA:184,11
DA:185,11
DA:186,11
DA:187,11
DA:188,11
DA:189,11
DA:191,65
DA:192,11
DA:193,11
DA:195,65
DA:196,17
DA:197,17
DA:198,17
DA:200,65
DA:201,25
DA:202,25
DA:204,65
DA:205,2
DA:206,2
DA:207,1
DA:208,1
DA:209,1
DA:210,1
DA:211,2
DA:213,65
DA:214,3
DA:215,3
DA:216,2
DA:217,2
DA:218,3
DA:219,1
DA:220,1
DA:221,1
DA:222,1
DA:223,2
DA:224,3
DA:226,65
DA:227,6
DA:228,6
DA:229,1
DA:230,1
DA:231,6
DA:232,65
DA:234,1
DA:235,65
DA:236,65
LF:195
LH:195
BRDA:24,0,0,65
BRDA:32,1,0,65
BRDA:33,2,0,1
BRDA:38,3,0,65
BRDA:41,4,0,9
BRDA:43,5,0,7
BRDA:44,6,0,64
BRDA:46,7,0,1
BRDA:52,8,0,55
BRDA:56,9,0,55
BRDA:57,10,0,54
BRDA:57,11,0,1
BRDA:61,12,0,53
BRDA:63,13,0,4
BRDA:63,14,0,49
BRDA:62,15,0,9
BRDA:68,16,0,53
BRDA:69,17,0,9
BRDA:73,18,0,5
BRDA:73,19,0,48
BRDA:76,20,0,56
BRDA:77,21,0,7
BRDA:80,22,0,1
BRDA:86,23,0,19
BRDA:87,24,0,1
BRDA:87,25,0,18
BRDA:95,26,0,4
BRDA:96,27,0,1
BRDA:96,28,0,3
BRDA:97,29,0,1
BRDA:97,30,0,2
BRDA:107,31,0,8
BRDA:109,32,0,7
BRDA:117,33,0,17
BRDA:121,34,0,15
BRDA:139,35,0,4
BRDA:140,36,0,1
BRDA:142,37,0,3
BRDA:154,38,0,2
BRDA:172,39,0,11
BRDA:173,40,0,10
BRDA:174,41,0,1
BRDA:178,42,0,10
BRDA:184,43,0,1
BRDA:191,44,0,11
BRDA:195,45,0,17
BRDA:196,46,0,2
BRDA:196,47,0,15
BRDA:197,48,0,1
BRDA:197,49,0,16
BRDA:200,50,0,25
BRDA:204,51,0,2
BRDA:206,52,0,1
BRDA:205,53,0,1
BRDA:213,54,0,3
BRDA:214,55,0,2
BRDA:215,56,0,1
BRDA:215,57,0,2
BRDA:218,58,0,1
BRDA:222,59,0,2
BRDA:216,60,0,3
BRDA:226,61,0,6
BRDA:228,62,0,1
BRDA:234,63,0,65
BRF:64
BRH:64
end_of_record
TN:
SF:src/core/storage.ts
FN:9,localStorageAdapter
FN:10,ls
FN:20,get
FN:27,set
FN:34,remove
FNF:5
FNH:5
FNDA:7,localStorageAdapter
FNDA:19,ls
FNDA:9,get
FNDA:6,set
FNDA:4,remove
DA:7,1
DA:9,1
DA:10,7
DA:11,19
DA:12,19
DA:13,11
DA:14,5
DA:15,19
DA:16,3
DA:17,3
DA:18,19
DA:19,7
DA:20,7
DA:21,9
DA:22,9
DA:23,9
DA:24,1
DA:25,1
DA:26,9
DA:27,7
DA:28,6
DA:29,6
DA:30,6
DA:32,1
DA:33,6
DA:34,7
DA:35,4
DA:36,4
DA:37,4
DA:39,1
DA:40,4
DA:41,7
DA:42,7
LF:33
LH:33
BRDA:9,0,0,7
BRDA:10,1,0,19
BRDA:12,2,0,11
BRDA:13,3,0,5
BRDA:15,4,0,3
BRDA:20,5,0,9
BRDA:22,6,0,5
BRDA:22,7,0,5
BRDA:23,8,0,1
BRDA:27,9,0,6
BRDA:29,10,0,4
BRDA:30,11,0,1
BRDA:34,12,0,4
BRDA:36,13,0,2
BRDA:37,14,0,1
BRF:15
BRH:15
end_of_record
TN:
SF:src/core/types.ts
FN:1,(empty-report)
FNF:1
FNH:1
FNDA:1,(empty-report)
LF:0
LH:0
BRDA:1,0,0,1
BRF:1
BRH:1
end_of_record
TN:
SF:src/ui/index.ts
FN:32,renderLoginHtml
FN:100,attachLoginListeners
FN:108,on
FN:118,q
FN:122,showError
FN:128,clearError
FN:133,selectTab
FN:228,resetNostrConnect
FN:261,onUri
FN:280,detach
FNF:10
FNH:10
FNDA:25,renderLoginHtml
FNDA:23,attachLoginListeners
FNDA:299,on
FNDA:279,q
FNDA:6,showError
FNDA:41,clearError
FNDA:25,selectTab
FNDA:4,resetNostrConnect
FNDA:1,onUri
FNDA:2,detach
DA:24,1
DA:25,1
DA:26,1
DA:27,1
DA:28,1
DA:29,1
DA:30,1
DA:32,1
DA:33,25
DA:34,25
DA:35,125
DA:36,25
DA:38,25
DA:44,25
DA:98,25
DA:100,1
DA:101,23
DA:102,23
DA:103,23
DA:104,23
DA:105,23
DA:106,23
DA:108,23
DA:109,299
DA:110,299
DA:111,299
DA:112,299
DA:113,299
DA:114,299
DA:115,299
DA:116,299
DA:118,23
DA:119,279
DA:121,23
DA:122,23
DA:123,6
DA:124,6
DA:125,6
DA:126,6
DA:127,6
DA:128,23
DA:129,41
DA:130,41
DA:131,41
DA:133,23
DA:134,25
DA:135,150
DA:136,25
DA:137,25
DA:138,125
DA:139,25
DA:140,25
DA:141,25
DA:143,23
DA:145,23
DA:146,115
DA:147,23
DA:149,23
DA:152,23
DA:153,23
DA:154,4
DA:155,4
DA:156,4
DA:157,4
DA:158,4
DA:159,3
DA:160,3
DA:161,18
DA:162,3
DA:163,4
DA:164,1
DA:165,1
DA:166,23
DA:168,23
DA:169,2
DA:170,2
DA:171,23
DA:174,23
DA:175,23
DA:176,2
DA:177,2
DA:178,2
DA:179,2
DA:180,2
DA:181,2
DA:182,2
DA:183,2
DA:184,2
DA:185,2
DA:186,1
DA:187,2
DA:188,1
DA:189,1
DA:190,23
DA:193,23
DA:194,2
DA:195,2
DA:196,2
DA:197,1
DA:198,2
DA:199,1
DA:200,1
DA:201,23
DA:204,23
DA:205,23
DA:206,2
DA:207,2
DA:208,2
DA:209,2
DA:210,2
DA:211,2
DA:212,2
DA:213,2
DA:214,2
DA:215,2
DA:216,1
DA:217,2
DA:218,1
DA:219,1
DA:220,23
DA:223,23
DA:224,23
DA:225,23
DA:226,23
DA:228,23
DA:229,4
DA:230,4
DA:231,4
DA:232,4
DA:233,4
DA:235,23
DA:236,6
DA:237,6
DA:238,6
DA:239,6
DA:240,6
DA:241,6
DA:242,6
DA:243,1
DA:244,1
DA:245,1
DA:246,5
DA:247,5
DA:248,5
DA:249,5
DA:251,5
DA:252,5
DA:253,5
DA:254,5
DA:255,5
DA:256,5
DA:257,6
DA:258,6
DA:259,6
DA:260,6
DA:261,6
DA:262,1
DA:263,1
DA:264,6
DA:265,6
DA:266,6
DA:267,3
DA:268,3
DA:269,6
DA:270,5
DA:271,5
DA:272,23
DA:274,23
DA:275,1
DA:276,1
DA:277,23
DA:279,23
DA:280,23
DA:281,2
DA:282,2
DA:283,2
DA:284,23
DA:285,23
DA:286,23
LF:179
LH:179
BRDA:32,0,0,25
BRDA:34,1,0,125
BRDA:100,2,0,23
BRDA:143,3,0,22
BRDA:108,4,0,299
BRDA:115,5,0,26
BRDA:118,6,0,279
BRDA:122,7,0,6
BRDA:123,8,0,1
BRDA:123,9,0,5
BRDA:126,10,0,5
BRDA:126,11,0,1
BRDA:128,12,0,41
BRDA:133,13,0,25
BRDA:134,14,0,150
BRDA:137,15,0,125
BRDA:145,16,0,115
BRDA:146,17,0,1
BRDA:149,18,0,2
BRDA:149,19,0,1
BRDA:153,20,0,4
BRDA:158,21,0,3
BRDA:163,22,0,1
BRDA:160,23,0,18
BRDA:168,24,0,2
BRDA:170,25,0,1
BRDA:175,26,0,2
BRDA:185,27,0,1
BRDA:187,28,0,1
BRDA:193,29,0,2
BRDA:196,30,0,1
BRDA:198,31,0,1
BRDA:205,32,0,2
BRDA:215,33,0,1
BRDA:217,34,0,1
BRDA:228,35,0,4
BRDA:235,36,0,6
BRDA:242,37,0,1
BRDA:245,38,0,5
BRDA:257,39,0,1
BRDA:257,40,0,4
BRDA:264,41,0,2
BRDA:265,42,0,1
BRDA:266,43,0,3
BRDA:268,44,0,1
BRDA:269,45,0,5
BRDA:240,46,0,7
BRDA:248,47,0,6
BRDA:261,48,0,1
BRDA:274,49,0,1
BRDA:280,50,0,2
BRDA:281,51,0,1
BRDA:282,52,0,26
BRF:53
BRH:53
end_of_record
