TN:
SF:src/index.ts
FNF:0
FNH:0
DA:1,1
LF:1
LH:1
BRF:0
BRH:0
end_of_record
TN:
SF:src/nip07.ts
FN:18,getWindowNostr
FN:29,getPublicKey
FN:33,signEvent
FN:37,nip04Encrypt
FN:43,nip04Decrypt
FN:49,nip44Encrypt
FN:55,nip44Decrypt
FNF:7
FNH:7
FNDA:17,getWindowNostr
FNDA:8,getPublicKey
FNDA:1,signEvent
FNDA:2,nip04Encrypt
FNDA:2,nip04Decrypt
FNDA:2,nip44Encrypt
FNDA:2,nip44Decrypt
DA:18,1
DA:19,17
DA:20,17
DA:21,1
DA:22,1
DA:23,1
DA:24,1
DA:25,16
DA:26,16
DA:28,1
DA:29,1
DA:30,8
DA:31,8
DA:33,1
DA:34,1
DA:35,1
DA:37,1
DA:38,2
DA:39,2
DA:40,1
DA:41,2
DA:43,1
DA:44,2
DA:45,2
DA:46,1
DA:47,2
DA:49,1
DA:50,2
DA:51,2
DA:52,1
DA:53,2
DA:55,1
DA:56,2
DA:57,2
DA:58,1
DA:59,2
DA:60,1
LF:37
LH:37
BRDA:18,0,0,17
BRDA:20,1,0,1
BRDA:24,2,0,16
BRDA:29,3,0,8
BRDA:33,4,0,1
BRDA:37,5,0,2
BRDA:39,6,0,1
BRDA:43,7,0,2
BRDA:45,8,0,1
BRDA:49,9,0,2
BRDA:51,10,0,1
BRDA:55,11,0,2
BRDA:57,12,0,1
BRF:13
BRH:13
end_of_record
TN:
SF:src/nip46.ts
FN:19,<instance_members_initializer>
FN:22,BunkerSigner
FN:26,getPublicKey
FN:29,signEvent
FN:32,nip04Encrypt
FN:35,nip04Decrypt
FN:38,nip44Encrypt
FN:41,nip44Decrypt
FN:44,close
FN:67,fetchBunkerRelays
FN:83,relayListsMatch
FN:91,resolveRelayChoice
FN:114,connectWithBunkerUri
FN:184,initiateNostrConnect
FN:228,bytesToHex
FN:234,hexToBytes
FNF:16
FNH:16
FNDA:19,<instance_members_initializer>
FNDA:19,BunkerSigner
FNDA:1,getPublicKey
FNDA:2,signEvent
FNDA:1,nip04Encrypt
FNDA:1,nip04Decrypt
FNDA:1,nip44Encrypt
FNDA:1,nip44Decrypt
FNDA:1,close
FNDA:8,fetchBunkerRelays
FNDA:6,relayListsMatch
FNDA:19,resolveRelayChoice
FNDA:19,connectWithBunkerUri
FNDA:7,initiateNostrConnect
FNDA:20,bytesToHex
FNDA:3,hexToBytes
DA:1,1
DA:19,1
DA:20,19
DA:22,19
DA:23,19
DA:24,19
DA:26,19
DA:27,1
DA:28,1
DA:29,19
DA:30,2
DA:31,2
DA:32,19
DA:33,1
DA:34,1
DA:35,19
DA:36,1
DA:37,1
DA:38,19
DA:39,1
DA:40,1
DA:41,19
DA:42,1
DA:43,1
DA:44,19
DA:45,1
DA:46,1
DA:47,19
DA:67,8
DA:68,8
DA:69,8
DA:70,7
DA:71,8
DA:72,1
DA:73,1
DA:74,8
DA:75,5
DA:76,5
DA:77,1
DA:78,1
DA:79,1
DA:80,1
DA:81,8
DA:83,6
DA:84,6
DA:85,5
DA:86,5
DA:87,5
DA:88,1
DA:89,1
DA:91,19
DA:92,19
DA:93,19
DA:94,19
DA:95,19
DA:96,19
DA:97,8
DA:98,19
DA:99,5
DA:100,19
DA:101,19
DA:114,19
DA:115,19
DA:116,19
DA:117,19
DA:118,19
DA:119,19
DA:120,1
DA:121,1
DA:122,19
DA:123,1
DA:124,1
DA:125,19
DA:126,19
DA:127,19
DA:128,19
DA:129,19
DA:134,19
DA:135,19
DA:136,19
DA:137,19
DA:138,19
DA:139,17
DA:140,17
DA:141,17
DA:142,17
DA:143,17
DA:144,17
DA:145,17
DA:146,17
DA:147,17
DA:148,17
DA:149,17
DA:150,17
DA:151,17
DA:184,1
DA:185,7
DA:186,1
DA:187,1
DA:188,6
DA:189,7
DA:190,7
DA:191,7
DA:192,7
DA:193,7
DA:194,7
DA:195,7
DA:196,7
DA:197,7
DA:198,7
DA:199,7
DA:200,7
DA:201,7
DA:204,7
DA:205,7
DA:206,7
DA:207,7
DA:208,7
DA:209,7
DA:210,2
DA:211,2
DA:212,2
DA:213,2
DA:214,2
DA:215,2
DA:216,2
DA:217,2
DA:218,2
DA:219,2
DA:220,2
DA:221,2
DA:222,7
DA:223,7
DA:224,7
DA:226,1
DA:228,1
DA:229,20
DA:230,20
DA:231,20
DA:232,20
DA:234,1
DA:235,3
DA:236,2
DA:237,3
DA:238,36
DA:239,36
DA:240,2
DA:241,2
LF:148
LH:148
BRDA:19,0,0,19
BRDA:22,1,0,19
BRDA:26,2,0,1
BRDA:29,3,0,2
BRDA:32,4,0,1
BRDA:35,5,0,1
BRDA:38,6,0,1
BRDA:41,7,0,1
BRDA:44,8,0,1
BRDA:67,9,0,8
BRDA:69,10,0,7
BRDA:71,11,0,1
BRDA:73,12,0,6
BRDA:74,13,0,5
BRDA:74,14,0,5
BRDA:76,15,0,1
BRDA:72,16,0,1
BRDA:83,17,0,6
BRDA:84,18,0,1
BRDA:84,19,0,5
BRDA:87,20,0,4
BRDA:87,21,0,1
BRDA:91,22,0,19
BRDA:96,23,0,11
BRDA:96,24,0,8
BRDA:98,25,0,6
BRDA:98,26,0,3
BRDA:98,27,0,5
BRDA:100,28,0,3
BRDA:100,29,0,2
BRDA:114,30,0,19
BRDA:119,31,0,1
BRDA:121,32,0,18
BRDA:122,33,0,1
BRDA:124,34,0,17
BRDA:125,35,0,16
BRDA:136,36,0,16
BRDA:137,37,0,16
BRDA:138,38,0,17
BRDA:184,39,0,7
BRDA:185,40,0,1
BRDA:187,41,0,6
BRDA:190,42,0,6
BRDA:196,43,0,5
BRDA:197,44,0,5
BRDA:198,45,0,5
BRDA:201,46,0,4
BRDA:201,47,0,2
BRDA:209,48,0,2
BRDA:228,49,0,20
BRDA:230,50,0,612
BRDA:234,51,0,3
BRDA:235,52,0,1
BRDA:235,53,0,2
BRDA:237,54,0,36
BRDA:239,55,0,2
BRF:56
BRH:56
end_of_record
TN:
SF:src/nip49.ts
FN:4,encryptSecretKey
FN:8,decryptNcryptsec
FN:19,generateAccount
FNF:3
FNH:3
FNDA:2,encryptSecretKey
FNDA:6,decryptNcryptsec
FNDA:21,generateAccount
DA:1,1
DA:4,1
DA:5,2
DA:6,2
DA:8,1
DA:9,6
DA:10,6
DA:19,1
DA:20,21
DA:21,21
DA:22,21
DA:23,21
DA:24,21
DA:25,21
LF:14
LH:14
BRDA:4,0,0,2
BRDA:8,1,0,6
BRDA:19,2,0,21
BRF:3
BRH:3
end_of_record
TN:
SF:src/nip55.ts
FN:68,<instance_members_initializer>
FN:74,AndroidSigner
FN:86,getPublicKey
FN:90,signEvent
FN:102,nip04Encrypt
FN:113,nip04Decrypt
FN:124,nip44Encrypt
FN:135,nip44Decrypt
FN:154,loginWithAndroidSigner
FNF:9
FNH:9
FNDA:10,<instance_members_initializer>
FNDA:10,AndroidSigner
FNDA:1,getPublicKey
FNDA:1,signEvent
FNDA:1,nip04Encrypt
FNDA:1,nip04Decrypt
FNDA:1,nip44Encrypt
FNDA:1,nip44Decrypt
FNDA:13,loginWithAndroidSigner
DA:1,1
DA:68,1
DA:69,10
DA:70,10
DA:71,10
DA:72,10
DA:74,10
DA:75,10
DA:76,10
DA:77,10
DA:78,10
DA:79,10
DA:80,10
DA:81,10
DA:82,10
DA:83,10
DA:84,10
DA:86,10
DA:87,1
DA:88,1
DA:90,10
DA:91,1
DA:92,1
DA:93,1
DA:94,1
DA:95,1
DA:96,1
DA:97,1
DA:98,1
DA:99,1
DA:100,1
DA:102,10
DA:103,1
DA:104,1
DA:105,1
DA:106,1
DA:107,1
DA:108,1
DA:109,1
DA:110,1
DA:111,1
DA:113,10
DA:114,1
DA:115,1
DA:116,1
DA:117,1
DA:118,1
DA:119,1
DA:120,1
DA:121,1
DA:122,1
DA:124,10
DA:125,1
DA:126,1
DA:127,1
DA:128,1
DA:129,1
DA:130,1
DA:131,1
DA:132,1
DA:133,1
DA:135,10
DA:136,1
DA:137,1
DA:138,1
DA:139,1
DA:140,1
DA:141,1
DA:142,1
DA:143,1
DA:144,1
DA:145,10
DA:154,13
DA:155,13
DA:156,13
DA:157,13
DA:158,13
DA:159,3
DA:160,3
DA:161,13
DA:162,13
DA:163,13
DA:164,2
DA:165,2
DA:166,2
DA:167,2
DA:168,11
DA:169,13
DA:170,1
DA:171,1
DA:172,10
DA:173,10
DA:174,10
DA:175,10
DA:176,10
DA:177,10
DA:178,10
LF:97
LH:97
BRDA:68,0,0,10
BRDA:74,1,0,10
BRDA:86,2,0,1
BRDA:90,3,0,1
BRDA:102,4,0,1
BRDA:113,5,0,1
BRDA:124,6,0,1
BRDA:135,7,0,1
BRDA:154,8,0,13
BRDA:158,9,0,3
BRDA:162,10,0,2
BRDA:163,11,0,2
BRDA:167,12,0,11
BRDA:169,13,0,1
BRDA:171,14,0,10
BRF:15
BRH:15
end_of_record
TN:
SF:src/core/localSigner.ts
FN:15,<instance_members_initializer>
FN:18,LocalSigner
FN:22,getPublicKey
FN:26,signEvent
FN:30,nip04Encrypt
FN:34,nip04Decrypt
FN:38,nip44Encrypt
FN:43,nip44Decrypt
FNF:8
FNH:8
FNDA:67,<instance_members_initializer>
FNDA:67,LocalSigner
FNDA:12,getPublicKey
FNDA:6,signEvent
FNDA:7,nip04Encrypt
FNDA:7,nip04Decrypt
FNDA:7,nip44Encrypt
FNDA:7,nip44Decrypt
DA:1,1
DA:15,1
DA:16,67
DA:18,67
DA:19,67
DA:20,67
DA:22,67
DA:23,12
DA:24,12
DA:26,67
DA:27,6
DA:28,6
DA:30,67
DA:31,7
DA:32,7
DA:34,67
DA:35,7
DA:36,7
DA:38,67
DA:39,7
DA:40,7
DA:41,7
DA:43,67
DA:44,7
DA:45,7
DA:46,7
DA:47,67
LF:27
LH:27
BRDA:15,0,0,67
BRDA:18,1,0,67
BRDA:22,2,0,12
BRDA:26,3,0,6
BRDA:30,4,0,7
BRDA:34,5,0,7
BRDA:38,6,0,7
BRDA:43,7,0,7
BRF:8
BRH:8
end_of_record
TN:
SF:src/core/signer.ts
FN:43,<instance_members_initializer>
FN:52,Signer
FN:63,#hydrate
FN:77,#persistAccounts
FN:81,#persistActive
FN:86,#upsertAccount
FN:93,#setActive
FN:101,#emit
FN:120,createAccount
FN:136,loginWithNcryptsec
FN:154,loginWithExtension
FN:173,loginWithBunkerUri
FN:205,loginWithNostrConnect
FN:264,listAndroidSignerApps
FN:287,loginWithAndroidSigner
FN:307,listAccounts
FN:317,getActiveAccount
FN:328,getActiveSigner
FN:339,switchAccount
FN:353,logout
FN:371,onChange
FN:380,createSigner
FNF:22
FNH:22
FNDA:73,<instance_members_initializer>
FNDA:73,Signer
FNDA:73,#hydrate
FNDA:56,#persistAccounts
FNDA:56,#persistActive
FNDA:54,#upsertAccount
FNDA:54,#setActive
FNDA:57,#emit
FNDA:19,createAccount
FNDA:4,loginWithNcryptsec
FNDA:8,loginWithExtension
FNDA:19,loginWithBunkerUri
FNDA:7,loginWithNostrConnect
FNDA:3,listAndroidSignerApps
FNDA:11,loginWithAndroidSigner
FNDA:11,listAccounts
FNDA:17,getActiveAccount
FNDA:25,getActiveSigner
FNDA:2,switchAccount
FNDA:3,logout
FNDA:6,onChange
FNDA:73,createSigner
DA:1,1
DA:22,1
DA:23,1
DA:43,1
DA:44,73
DA:45,73
DA:46,73
DA:47,73
DA:48,73
DA:49,73
DA:50,73
DA:52,73
DA:53,73
DA:54,73
DA:55,73
DA:56,73
DA:57,73
DA:58,73
DA:59,73
DA:60,73
DA:61,73
DA:63,73
DA:64,73
DA:65,73
DA:66,73
DA:67,9
DA:68,9
DA:69,9
DA:70,72
DA:71,73
DA:72,1
DA:73,1
DA:74,1
DA:75,73
DA:77,73
DA:78,56
DA:79,56
DA:81,73
DA:82,56
DA:83,1
DA:84,56
DA:86,73
DA:87,54
DA:88,54
DA:89,50
DA:90,54
DA:91,54
DA:93,73
DA:94,54
DA:95,54
DA:96,54
DA:97,54
DA:98,54
DA:99,54
DA:101,73
DA:102,57
DA:103,7
DA:104,7
DA:105,7
DA:107,1
DA:108,7
DA:109,57
DA:120,73
DA:121,19
DA:122,18
DA:123,18
DA:124,18
DA:125,18
DA:126,18
DA:127,19
DA:136,73
DA:137,4
DA:138,4
DA:139,2
DA:140,2
DA:141,2
DA:142,2
DA:143,2
DA:144,2
DA:145,2
DA:146,4
DA:154,73
DA:155,8
DA:156,8
DA:157,7
DA:158,7
DA:159,7
DA:160,7
DA:161,7
DA:162,8
DA:173,73
DA:174,19
DA:175,19
DA:176,19
DA:177,19
DA:178,17
DA:179,17
DA:180,17
DA:181,17
DA:182,17
DA:183,17
DA:184,17
DA:185,17
DA:186,17
DA:187,17
DA:188,17
DA:189,17
DA:190,17
DA:191,17
DA:192,17
DA:193,19
DA:205,73
DA:206,7
DA:207,1
DA:208,1
DA:214,6
DA:215,7
DA:216,7
DA:217,7
DA:218,7
DA:219,7
DA:220,1
DA:221,1
DA:222,1
DA:223,1
DA:224,5
DA:225,5
DA:226,5
DA:227,5
DA:228,5
DA:229,5
DA:230,5
DA:231,5
DA:232,5
DA:233,5
DA:234,5
DA:235,5
DA:236,2
DA:237,2
DA:238,2
DA:239,2
DA:240,2
DA:241,2
DA:242,2
DA:243,2
DA:244,2
DA:245,2
DA:246,2
DA:247,2
DA:248,2
DA:249,2
DA:250,2
DA:251,7
DA:264,73
DA:265,3
DA:266,3
DA:267,3
DA:268,3
DA:269,1
DA:270,1
DA:271,1
DA:272,1
DA:273,2
DA:274,2
DA:275,3
DA:287,73
DA:288,11
DA:289,11
DA:290,1
DA:291,1
DA:292,1
DA:293,1
DA:294,10
DA:295,9
DA:296,9
DA:297,9
DA:298,9
DA:299,9
DA:300,9
DA:301,9
DA:302,9
DA:303,9
DA:304,11
DA:307,73
DA:308,11
DA:309,11
DA:317,73
DA:318,17
DA:319,17
DA:320,17
DA:328,73
DA:329,25
DA:330,25
DA:339,73
DA:340,2
DA:341,2
DA:342,1
DA:343,1
DA:344,1
DA:345,1
DA:346,2
DA:353,73
DA:354,3
DA:355,3
DA:356,2
DA:357,2
DA:358,3
DA:359,1
DA:360,1
DA:361,1
DA:362,1
DA:363,2
DA:364,3
DA:371,73
DA:372,6
DA:373,6
DA:374,1
DA:375,1
DA:376,6
DA:377,73
DA:380,1
DA:381,73
DA:382,73
LF:223
LH:223
BRDA:43,0,0,73
BRDA:52,1,0,73
BRDA:53,2,0,1
BRDA:63,3,0,73
BRDA:66,4,0,9
BRDA:68,5,0,7
BRDA:69,6,0,72
BRDA:71,7,0,1
BRDA:77,8,0,56
BRDA:81,9,0,56
BRDA:82,10,0,55
BRDA:82,11,0,1
BRDA:86,12,0,54
BRDA:88,13,0,4
BRDA:88,14,0,50
BRDA:87,15,0,9
BRDA:93,16,0,54
BRDA:94,17,0,9
BRDA:98,18,0,5
BRDA:98,19,0,49
BRDA:101,20,0,57
BRDA:102,21,0,7
BRDA:105,22,0,1
BRDA:120,23,0,19
BRDA:121,24,0,1
BRDA:121,25,0,18
BRDA:136,26,0,4
BRDA:137,27,0,1
BRDA:137,28,0,3
BRDA:138,29,0,1
BRDA:138,30,0,2
BRDA:154,31,0,8
BRDA:156,32,0,7
BRDA:173,33,0,19
BRDA:177,34,0,17
BRDA:205,35,0,7
BRDA:206,36,0,1
BRDA:208,37,0,6
BRDA:215,38,0,3
BRDA:215,39,0,3
BRDA:216,40,0,3
BRDA:216,41,0,6
BRDA:217,42,0,3
BRDA:217,43,0,5
BRDA:219,44,0,1
BRDA:223,45,0,5
BRDA:235,46,0,2
BRDA:264,47,0,3
BRDA:267,48,0,2
BRDA:268,49,0,1
BRDA:272,50,0,2
BRDA:287,51,0,11
BRDA:288,52,0,10
BRDA:289,53,0,1
BRDA:293,54,0,10
BRDA:294,55,0,9
BRDA:307,56,0,11
BRDA:317,57,0,17
BRDA:318,58,0,2
BRDA:318,59,0,15
BRDA:319,60,0,1
BRDA:319,61,0,16
BRDA:328,62,0,25
BRDA:339,63,0,2
BRDA:341,64,0,1
BRDA:340,65,0,1
BRDA:353,66,0,3
BRDA:354,67,0,2
BRDA:355,68,0,1
BRDA:355,69,0,2
BRDA:358,70,0,1
BRDA:362,71,0,2
BRDA:356,72,0,3
BRDA:371,73,0,6
BRDA:373,74,0,1
BRDA:380,75,0,73
BRF:76
BRH:76
end_of_record
TN:
SF:src/core/storage.ts
FN:9,localStorageAdapter
FN:10,ls
FN:20,get
FN:27,set
FN:34,remove
FNF:5
FNH:5
FNDA:7,localStorageAdapter
FNDA:19,ls
FNDA:9,get
FNDA:6,set
FNDA:4,remove
DA:7,1
DA:9,1
DA:10,7
DA:11,19
DA:12,19
DA:13,11
DA:14,5
DA:15,19
DA:16,3
DA:17,3
DA:18,19
DA:19,7
DA:20,7
DA:21,9
DA:22,9
DA:23,9
DA:24,1
DA:25,1
DA:26,9
DA:27,7
DA:28,6
DA:29,6
DA:30,6
DA:32,1
DA:33,6
DA:34,7
DA:35,4
DA:36,4
DA:37,4
DA:39,1
DA:40,4
DA:41,7
DA:42,7
LF:33
LH:33
BRDA:9,0,0,7
BRDA:10,1,0,19
BRDA:12,2,0,11
BRDA:13,3,0,5
BRDA:15,4,0,3
BRDA:20,5,0,9
BRDA:22,6,0,5
BRDA:22,7,0,5
BRDA:23,8,0,1
BRDA:27,9,0,6
BRDA:29,10,0,4
BRDA:30,11,0,1
BRDA:34,12,0,4
BRDA:36,13,0,2
BRDA:37,14,0,1
BRF:15
BRH:15
end_of_record
TN:
SF:src/core/types.ts
FN:1,(empty-report)
FNF:1
FNH:1
FNDA:1,(empty-report)
LF:0
LH:0
BRDA:1,0,0,1
BRF:1
BRH:1
end_of_record
TN:
SF:src/ui/index.ts
FN:33,renderLoginHtml
FN:108,attachLoginListeners
FN:116,on
FN:126,q
FN:130,showError
FN:136,clearError
FN:147,refreshAndroidApps
FN:193,selectTab
FN:294,resetNostrConnect
FN:327,onUri
FN:346,detach
FNF:11
FNH:11
FNDA:36,renderLoginHtml
FNDA:33,attachLoginListeners
FNDA:469,on
FNDA:465,q
FNDA:7,showError
FNDA:63,clearError
FNDA:10,refreshAndroidApps
FNDA:44,selectTab
FNDA:4,resetNostrConnect
FNDA:1,onUri
FNDA:2,detach
DA:24,1
DA:25,1
DA:26,1
DA:27,1
DA:28,1
DA:29,1
DA:30,1
DA:31,1
DA:33,1
DA:34,36
DA:35,36
DA:36,216
DA:37,36
DA:39,36
DA:45,36
DA:106,36
DA:108,1
DA:109,33
DA:110,33
DA:111,33
DA:112,33
DA:113,33
DA:114,33
DA:116,33
DA:117,469
DA:118,469
DA:119,469
DA:120,469
DA:121,469
DA:122,469
DA:123,469
DA:124,469
DA:126,33
DA:127,465
DA:129,33
DA:130,33
DA:131,7
DA:132,7
DA:133,7
DA:134,7
DA:135,7
DA:136,33
DA:137,63
DA:138,63
DA:139,63
DA:143,33
DA:144,33
DA:145,33
DA:147,33
DA:148,10
DA:149,10
DA:150,10
DA:151,10
DA:152,10
DA:153,10
DA:154,10
DA:155,8
DA:156,10
DA:157,1
DA:158,1
DA:159,1
DA:160,1
DA:161,6
DA:162,10
DA:163,7
DA:164,7
DA:165,7
DA:166,7
DA:167,7
DA:168,7
DA:169,7
DA:170,7
DA:171,2
DA:172,2
DA:173,2
DA:174,2
DA:175,2
DA:176,2
DA:177,1
DA:178,2
DA:179,1
DA:180,1
DA:181,1
DA:182,7
DA:183,7
DA:184,7
DA:185,7
DA:186,6
DA:187,10
DA:188,2
DA:189,1
DA:190,1
DA:191,10
DA:193,33
DA:194,44
DA:195,308
DA:196,44
DA:197,44
DA:198,264
DA:199,44
DA:200,44
DA:201,44
DA:202,44
DA:204,33
DA:206,33
DA:207,198
DA:208,33
DA:210,33
DA:213,33
DA:214,33
DA:215,4
DA:216,4
DA:217,4
DA:218,4
DA:219,4
DA:220,3
DA:221,3
DA:222,21
DA:223,3
DA:224,4
DA:225,1
DA:226,1
DA:227,33
DA:229,33
DA:230,2
DA:231,2
DA:232,33
DA:235,33
DA:236,33
DA:237,2
DA:238,2
DA:239,2
DA:240,2
DA:241,2
DA:242,2
DA:243,2
DA:244,2
DA:245,2
DA:246,2
DA:247,1
DA:248,2
DA:249,1
DA:250,1
DA:251,33
DA:254,33
DA:255,2
DA:256,2
DA:257,2
DA:258,1
DA:259,2
DA:260,1
DA:261,1
DA:262,33
DA:265,33
DA:266,33
DA:267,3
DA:268,3
DA:269,3
DA:270,3
DA:271,3
DA:272,3
DA:273,3
DA:274,3
DA:275,3
DA:276,3
DA:277,3
DA:278,3
DA:279,3
DA:280,3
DA:281,3
DA:282,3
DA:283,3
DA:284,1
DA:285,1
DA:286,33
DA:289,33
DA:290,33
DA:291,33
DA:292,33
DA:294,33
DA:295,4
DA:296,4
DA:297,4
DA:298,4
DA:299,4
DA:301,33
DA:302,6
DA:303,6
DA:304,6
DA:305,6
DA:306,6
DA:307,6
DA:308,6
DA:309,1
DA:310,1
DA:311,1
DA:312,5
DA:313,5
DA:314,5
DA:315,5
DA:317,5
DA:318,5
DA:319,5
DA:320,5
DA:321,5
DA:322,5
DA:323,6
DA:324,6
DA:325,6
DA:326,6
DA:327,6
DA:328,1
DA:329,1
DA:330,6
DA:331,6
DA:332,6
DA:333,3
DA:334,3
DA:335,6
DA:336,5
DA:337,5
DA:338,33
DA:340,33
DA:341,1
DA:342,1
DA:343,33
DA:345,33
DA:346,33
DA:347,2
DA:348,2
DA:349,2
DA:350,33
DA:351,33
DA:352,33
LF:234
LH:234
BRDA:33,0,0,36
BRDA:35,1,0,216
BRDA:108,2,0,33
BRDA:204,3,0,31
BRDA:116,4,0,469
BRDA:123,5,0,28
BRDA:126,6,0,465
BRDA:130,7,0,7
BRDA:131,8,0,1
BRDA:131,9,0,6
BRDA:134,10,0,6
BRDA:134,11,0,1
BRDA:136,12,0,63
BRDA:147,13,0,10
BRDA:154,14,0,8
BRDA:155,15,0,1
BRDA:155,16,0,7
BRDA:156,17,0,1
BRDA:160,18,0,6
BRDA:162,19,0,7
BRDA:185,20,0,6
BRDA:187,21,0,2
BRDA:188,22,0,1
BRDA:170,23,0,2
BRDA:176,24,0,1
BRDA:178,25,0,1
BRDA:193,26,0,44
BRDA:201,27,0,10
BRDA:194,28,0,308
BRDA:197,29,0,264
BRDA:206,30,0,198
BRDA:207,31,0,10
BRDA:210,32,0,2
BRDA:210,33,0,1
BRDA:214,34,0,4
BRDA:219,35,0,3
BRDA:224,36,0,1
BRDA:221,37,0,21
BRDA:229,38,0,2
BRDA:231,39,0,1
BRDA:236,40,0,2
BRDA:246,41,0,1
BRDA:248,42,0,1
BRDA:254,43,0,2
BRDA:257,44,0,1
BRDA:259,45,0,1
BRDA:266,46,0,3
BRDA:280,47,0,1
BRDA:280,48,0,2
BRDA:281,49,0,2
BRDA:282,50,0,1
BRDA:283,51,0,1
BRDA:274,52,0,4
BRDA:294,53,0,4
BRDA:301,54,0,6
BRDA:308,55,0,1
BRDA:311,56,0,5
BRDA:323,57,0,1
BRDA:323,58,0,4
BRDA:330,59,0,2
BRDA:331,60,0,1
BRDA:332,61,0,3
BRDA:334,62,0,1
BRDA:335,63,0,5
BRDA:306,64,0,7
BRDA:314,65,0,6
BRDA:327,66,0,1
BRDA:340,67,0,1
BRDA:346,68,0,2
BRDA:347,69,0,1
BRDA:348,70,0,28
BRF:71
BRH:71
end_of_record
